<?xml version="1.0" encoding="UTF-8"?>
<testsuite name="ru.stqa.pft.sandbox.SquareTests" tests="1" skipped="0" failures="0" errors="0" timestamp="2021-07-06T14:47:34" hostname="DESKTOP-U15547N" time="0.009">
  <properties/>
  <testcase name="testArea" classname="ru.stqa.pft.sandbox.SquareTests" time="0.009"/>
  <system-out><![CDATA[]]></system-out>
  <system-err><![CDATA[]]></system-err>
</testsuite>
